[debug] [2025-12-23T10:17:15.698Z] ----------------------------------------------------------------------
[debug] [2025-12-23T10:17:15.700Z] Command:       /usr/local/share/nvm/versions/node/v24.11.1/bin/node /home/codespace/nvm/current/bin/firebase deploy --only functions
[debug] [2025-12-23T10:17:15.700Z] CLI Version:   15.1.0
[debug] [2025-12-23T10:17:15.700Z] Platform:      linux
[debug] [2025-12-23T10:17:15.700Z] Node Version:  v24.11.1
[debug] [2025-12-23T10:17:15.701Z] Time:          Tue Dec 23 2025 10:17:15 GMT+0000 (Coordinated Universal Time)
[debug] [2025-12-23T10:17:15.701Z] ----------------------------------------------------------------------
[debug] 
[debug] [2025-12-23T10:17:16.622Z] > command requires scopes: ["email","openid","https://www.googleapis.com/auth/cloudplatformprojects.readonly","https://www.googleapis.com/auth/firebase","https://www.googleapis.com/auth/cloud-platform"]
[debug] [2025-12-23T10:17:16.623Z] > authorizing via signed-in user (bastienfestor4@gmail.com)
[debug] [2025-12-23T10:17:16.623Z] [iam] checking project projet-blocus-v2 for permissions ["cloudfunctions.functions.create","cloudfunctions.functions.delete","cloudfunctions.functions.get","cloudfunctions.functions.list","cloudfunctions.functions.update","cloudfunctions.operations.get","firebase.projects.get"]
[debug] [2025-12-23T10:17:16.624Z] Checked if tokens are valid: true, expires at: 1766487757666
[debug] [2025-12-23T10:17:16.624Z] Checked if tokens are valid: true, expires at: 1766487757666
[debug] [2025-12-23T10:17:16.625Z] >>> [apiv2][query] POST https://cloudresourcemanager.googleapis.com/v1/projects/projet-blocus-v2:testIamPermissions [none]
[debug] [2025-12-23T10:17:16.625Z] >>> [apiv2][(partial)header] POST https://cloudresourcemanager.googleapis.com/v1/projects/projet-blocus-v2:testIamPermissions x-goog-quota-user=projects/projet-blocus-v2
[debug] [2025-12-23T10:17:16.625Z] >>> [apiv2][body] POST https://cloudresourcemanager.googleapis.com/v1/projects/projet-blocus-v2:testIamPermissions {"permissions":["cloudfunctions.functions.create","cloudfunctions.functions.delete","cloudfunctions.functions.get","cloudfunctions.functions.list","cloudfunctions.functions.update","cloudfunctions.operations.get","firebase.projects.get"]}
[debug] [2025-12-23T10:17:17.265Z] <<< [apiv2][status] POST https://cloudresourcemanager.googleapis.com/v1/projects/projet-blocus-v2:testIamPermissions 200
[debug] [2025-12-23T10:17:17.265Z] <<< [apiv2][body] POST https://cloudresourcemanager.googleapis.com/v1/projects/projet-blocus-v2:testIamPermissions {"permissions":["cloudfunctions.functions.create","cloudfunctions.functions.delete","cloudfunctions.functions.get","cloudfunctions.functions.list","cloudfunctions.functions.update","cloudfunctions.operations.get","firebase.projects.get"]}
[debug] [2025-12-23T10:17:17.265Z] Checked if tokens are valid: true, expires at: 1766487757666
[debug] [2025-12-23T10:17:17.265Z] Checked if tokens are valid: true, expires at: 1766487757666
[debug] [2025-12-23T10:17:17.266Z] >>> [apiv2][query] POST https://iam.googleapis.com/v1/projects/projet-blocus-v2/serviceAccounts/projet-blocus-v2@appspot.gserviceaccount.com:testIamPermissions [none]
[debug] [2025-12-23T10:17:17.266Z] >>> [apiv2][body] POST https://iam.googleapis.com/v1/projects/projet-blocus-v2/serviceAccounts/projet-blocus-v2@appspot.gserviceaccount.com:testIamPermissions {"permissions":["iam.serviceAccounts.actAs"]}
[debug] [2025-12-23T10:17:17.912Z] <<< [apiv2][status] POST https://iam.googleapis.com/v1/projects/projet-blocus-v2/serviceAccounts/projet-blocus-v2@appspot.gserviceaccount.com:testIamPermissions 200
[debug] [2025-12-23T10:17:17.912Z] <<< [apiv2][body] POST https://iam.googleapis.com/v1/projects/projet-blocus-v2/serviceAccounts/projet-blocus-v2@appspot.gserviceaccount.com:testIamPermissions {"permissions":["iam.serviceAccounts.actAs"]}
[info] 
[info] === Deploying to 'projet-blocus-v2'...
[info] 
[info] i  deploying functions 
[info] Running command: npm --prefix "$RESOURCE_DIR" run lint
[info] ✔  functions: Finished running predeploy script. 
[debug] [2025-12-23T10:17:18.447Z] Checked if tokens are valid: true, expires at: 1766487757666
[debug] [2025-12-23T10:17:18.447Z] Checked if tokens are valid: true, expires at: 1766487757666
[debug] [2025-12-23T10:17:18.447Z] >>> [apiv2][query] GET https://cloudresourcemanager.googleapis.com/v1/projects/projet-blocus-v2 [none]
[debug] [2025-12-23T10:17:18.621Z] <<< [apiv2][status] GET https://cloudresourcemanager.googleapis.com/v1/projects/projet-blocus-v2 200
[debug] [2025-12-23T10:17:18.621Z] <<< [apiv2][body] GET https://cloudresourcemanager.googleapis.com/v1/projects/projet-blocus-v2 {"projectNumber":"12006785680","projectId":"projet-blocus-v2","lifecycleState":"ACTIVE","name":"Projet-Blocus-V2","labels":{"firebase":"enabled","firebase-core":"disabled"},"createTime":"2025-11-25T11:52:40.442877Z"}
[info] i  functions: preparing codebase default for deployment 
[info] i  functions: ensuring required API cloudfunctions.googleapis.com is enabled... 
[info] i  functions: ensuring required API cloudbuild.googleapis.com is enabled... 
[info] i  artifactregistry: ensuring required API artifactregistry.googleapis.com is enabled... 
[debug] [2025-12-23T10:17:18.623Z] Checked if tokens are valid: true, expires at: 1766487757666
[debug] [2025-12-23T10:17:18.623Z] Checked if tokens are valid: true, expires at: 1766487757666
[debug] [2025-12-23T10:17:18.623Z] >>> [apiv2][query] GET https://firebase.googleapis.com/v1beta1/projects/projet-blocus-v2/adminSdkConfig [none]
[debug] [2025-12-23T10:17:19.101Z] <<< [apiv2][status] GET https://firebase.googleapis.com/v1beta1/projects/projet-blocus-v2/adminSdkConfig 200
[debug] [2025-12-23T10:17:19.101Z] <<< [apiv2][body] GET https://firebase.googleapis.com/v1beta1/projects/projet-blocus-v2/adminSdkConfig {"projectId":"projet-blocus-v2","storageBucket":"projet-blocus-v2.firebasestorage.app"}
[debug] [2025-12-23T10:17:19.101Z] Checked if tokens are valid: true, expires at: 1766487757666
[debug] [2025-12-23T10:17:19.101Z] Checked if tokens are valid: true, expires at: 1766487757666
[debug] [2025-12-23T10:17:19.101Z] >>> [apiv2][query] GET https://runtimeconfig.googleapis.com/v1beta1/projects/projet-blocus-v2/configs [none]
[debug] [2025-12-23T10:17:19.281Z] <<< [apiv2][status] GET https://runtimeconfig.googleapis.com/v1beta1/projects/projet-blocus-v2/configs 200
[debug] [2025-12-23T10:17:19.281Z] <<< [apiv2][body] GET https://runtimeconfig.googleapis.com/v1beta1/projects/projet-blocus-v2/configs {}
[debug] [2025-12-23T10:17:19.282Z] Validating nodejs source
[debug] [2025-12-23T10:17:19.624Z] > [functions] package.json contents: {
  "name": "functions",
  "description": "Cloud Functions for Firebase",
  "scripts": {
    "lint": "eslint .",
    "serve": "firebase emulators:start --only functions",
    "shell": "firebase functions:shell",
    "start": "npm run shell",
    "deploy": "firebase deploy --only functions",
    "logs": "firebase functions:log"
  },
  "engines": {
    "node": "24"
  },
  "main": "index.js",
  "dependencies": {
    "@google/generative-ai": "^0.24.1",
    "firebase-admin": "^13.6.0",
    "firebase-functions": "^7.0.0"
  },
  "devDependencies": {
    "eslint": "^8.15.0",
    "eslint-config-google": "^0.14.0",
    "firebase-functions-test": "^3.4.1"
  },
  "private": true
}
[debug] [2025-12-23T10:17:19.625Z] Building nodejs source
[info] i  functions: Loading and analyzing source code for codebase default to determine what to deploy 
[debug] [2025-12-23T10:17:19.626Z] Could not find functions.yaml. Must use http discovery
[debug] [2025-12-23T10:17:19.630Z] Found firebase-functions binary at '/workspaces/Projet_Blocus/functions/node_modules/.bin/firebase-functions'
[info] Serving at port 8559

[debug] [2025-12-23T10:17:19.887Z] Got response from /__/functions.yaml {"endpoints":{"generateContent":{"availableMemoryMb":null,"timeoutSeconds":null,"minInstances":null,"maxInstances":null,"ingressSettings":null,"concurrency":null,"serviceAccountEmail":null,"vpc":null,"platform":"gcfv2","labels":{},"callableTrigger":{},"entryPoint":"generateContent"}},"specVersion":"v1alpha1","requiredAPIs":[],"extensions":{}}
[info] i  extensions: ensuring required API firebaseextensions.googleapis.com is enabled... 
[debug] [2025-12-23T10:17:23.908Z] > command requires scopes: ["email","openid","https://www.googleapis.com/auth/cloudplatformprojects.readonly","https://www.googleapis.com/auth/firebase","https://www.googleapis.com/auth/cloud-platform"]
[debug] [2025-12-23T10:17:23.908Z] > authorizing via signed-in user (bastienfestor4@gmail.com)
[debug] [2025-12-23T10:17:23.909Z] [iam] checking project projet-blocus-v2 for permissions ["firebase.projects.get","firebaseextensions.instances.list"]
[debug] [2025-12-23T10:17:23.909Z] Checked if tokens are valid: true, expires at: 1766487757666
[debug] [2025-12-23T10:17:23.909Z] Checked if tokens are valid: true, expires at: 1766487757666
[debug] [2025-12-23T10:17:23.909Z] >>> [apiv2][query] POST https://cloudresourcemanager.googleapis.com/v1/projects/projet-blocus-v2:testIamPermissions [none]
[debug] [2025-12-23T10:17:23.909Z] >>> [apiv2][(partial)header] POST https://cloudresourcemanager.googleapis.com/v1/projects/projet-blocus-v2:testIamPermissions x-goog-quota-user=projects/projet-blocus-v2
[debug] [2025-12-23T10:17:23.909Z] >>> [apiv2][body] POST https://cloudresourcemanager.googleapis.com/v1/projects/projet-blocus-v2:testIamPermissions {"permissions":["firebase.projects.get","firebaseextensions.instances.list"]}
[debug] [2025-12-23T10:17:24.536Z] <<< [apiv2][status] POST https://cloudresourcemanager.googleapis.com/v1/projects/projet-blocus-v2:testIamPermissions 200
[debug] [2025-12-23T10:17:24.536Z] <<< [apiv2][body] POST https://cloudresourcemanager.googleapis.com/v1/projects/projet-blocus-v2:testIamPermissions {"permissions":["firebase.projects.get","firebaseextensions.instances.list"]}
[debug] [2025-12-23T10:17:24.537Z] Checked if tokens are valid: true, expires at: 1766487757666
[debug] [2025-12-23T10:17:24.537Z] Checked if tokens are valid: true, expires at: 1766487757666
[debug] [2025-12-23T10:17:24.537Z] >>> [apiv2][query] GET https://firebaseextensions.googleapis.com/v1beta/projects/projet-blocus-v2/instances pageSize=100&pageToken=
[debug] [2025-12-23T10:17:24.760Z] <<< [apiv2][status] GET https://firebaseextensions.googleapis.com/v1beta/projects/projet-blocus-v2/instances 200
[debug] [2025-12-23T10:17:24.760Z] <<< [apiv2][body] GET https://firebaseextensions.googleapis.com/v1beta/projects/projet-blocus-v2/instances {}
[info] i  functions: preparing functions directory for uploading... 
[info] i  functions: packaged /workspaces/Projet_Blocus/functions (77.92 KB) for uploading 
[debug] [2025-12-23T10:17:24.789Z] Checked if tokens are valid: true, expires at: 1766487757666
[debug] [2025-12-23T10:17:24.789Z] Checked if tokens are valid: true, expires at: 1766487757666
[debug] [2025-12-23T10:17:24.789Z] >>> [apiv2][query] GET https://cloudfunctions.googleapis.com/v1/projects/projet-blocus-v2/locations/-/functions [none]
[debug] [2025-12-23T10:17:25.320Z] <<< [apiv2][status] GET https://cloudfunctions.googleapis.com/v1/projects/projet-blocus-v2/locations/-/functions 200
[debug] [2025-12-23T10:17:25.320Z] <<< [apiv2][body] GET https://cloudfunctions.googleapis.com/v1/projects/projet-blocus-v2/locations/-/functions {}
[debug] [2025-12-23T10:17:25.321Z] Checked if tokens are valid: true, expires at: 1766487757666
[debug] [2025-12-23T10:17:25.321Z] Checked if tokens are valid: true, expires at: 1766487757666
[debug] [2025-12-23T10:17:25.321Z] >>> [apiv2][query] GET https://cloudfunctions.googleapis.com/v2/projects/projet-blocus-v2/locations/-/functions filter=environment%3D%22GEN_2%22
[debug] [2025-12-23T10:17:26.292Z] <<< [apiv2][status] GET https://cloudfunctions.googleapis.com/v2/projects/projet-blocus-v2/locations/-/functions 200
[debug] [2025-12-23T10:17:26.292Z] <<< [apiv2][body] GET https://cloudfunctions.googleapis.com/v2/projects/projet-blocus-v2/locations/-/functions {"functions":[{"name":"projects/projet-blocus-v2/locations/us-central1/functions/generateContent","buildConfig":{"build":"projects/12006785680/locations/us-central1/builds/5ffabcd1-2678-4494-b0a1-eb25e431abe1","runtime":"nodejs24","entryPoint":"generateContent","source":{"storageSource":{"bucket":"gcf-v2-sources-12006785680-us-central1","object":"generateContent/function-source.zip","generation":"1766484762079066"}},"environmentVariables":{"GOOGLE_NODE_RUN_SCRIPTS":""},"dockerRepository":"projects/projet-blocus-v2/locations/us-central1/repositories/gcf-artifacts","sourceProvenance":{"resolvedStorageSource":{"bucket":"gcf-v2-sources-12006785680-us-central1","object":"generateContent/function-source.zip","generation":"1766484762079066"}},"dockerRegistry":"ARTIFACT_REGISTRY","serviceAccount":"projects/projet-blocus-v2/serviceAccounts/12006785680-compute@developer.gserviceaccount.com","automaticUpdatePolicy":{}},"serviceConfig":{"service":"projects/projet-blocus-v2/locations/us-central1/services/generatecontent","timeoutSeconds":60,"environmentVariables":{"GEMINI_API_KEY":"AIzaSyCe06LI6bodwrMjjSXqDSKJnPN_LtDYAdo","FIREBASE_CONFIG":"{\"projectId\":\"projet-blocus-v2\",\"storageBucket\":\"projet-blocus-v2.firebasestorage.app\"}","GCLOUD_PROJECT":"projet-blocus-v2","EVENTARC_CLOUD_EVENT_SOURCE":"projects/projet-blocus-v2/locations/us-central1/services/generateContent","FUNCTION_TARGET":"generateContent","LOG_EXECUTION_ID":"true"},"maxInstanceCount":20,"ingressSettings":"ALLOW_ALL","uri":"https://generatecontent-oht6vlj32q-uc.a.run.app","serviceAccountEmail":"12006785680-compute@developer.gserviceaccount.com","availableMemory":"256Mi","allTrafficOnLatestRevision":true,"revision":"generatecontent-00015-cuz","maxInstanceRequestConcurrency":80,"availableCpu":"1"},"state":"ACTIVE","updateTime":"2025-12-23T10:13:23.794683497Z","labels":{"firebase-functions-hash":"c36fa6b28718631143c1b7251453acc61989516f","deployment-tool":"cli-firebase","deployment-callable":"true"},"environment":"GEN_2","url":"https://us-central1-projet-blocus-v2.cloudfunctions.net/generateContent","createTime":"2025-12-20T13:16:07.850295140Z","satisfiesPzi":true}]}
[info] i  functions: ensuring required API run.googleapis.com is enabled... 
[info] i  functions: ensuring required API eventarc.googleapis.com is enabled... 
[info] i  functions: ensuring required API pubsub.googleapis.com is enabled... 
[info] i  functions: ensuring required API storage.googleapis.com is enabled... 
[info] i  functions: generating the service identity for pubsub.googleapis.com... 
[debug] [2025-12-23T10:17:26.295Z] Checked if tokens are valid: true, expires at: 1766487757666
[debug] [2025-12-23T10:17:26.295Z] Checked if tokens are valid: true, expires at: 1766487757666
[info] i  functions: generating the service identity for eventarc.googleapis.com... 
[debug] [2025-12-23T10:17:26.295Z] Checked if tokens are valid: true, expires at: 1766487757666
[debug] [2025-12-23T10:17:26.295Z] Checked if tokens are valid: true, expires at: 1766487757666
[debug] [2025-12-23T10:17:26.295Z] >>> [apiv2][query] POST https://serviceusage.googleapis.com/v1beta1/projects/12006785680/services/pubsub.googleapis.com:generateServiceIdentity [none]
[debug] [2025-12-23T10:17:26.295Z] >>> [apiv2][(partial)header] POST https://serviceusage.googleapis.com/v1beta1/projects/12006785680/services/pubsub.googleapis.com:generateServiceIdentity x-goog-quota-user=projects/12006785680
[debug] [2025-12-23T10:17:26.295Z] >>> [apiv2][body] POST https://serviceusage.googleapis.com/v1beta1/projects/12006785680/services/pubsub.googleapis.com:generateServiceIdentity {}
[debug] [2025-12-23T10:17:26.296Z] >>> [apiv2][query] POST https://serviceusage.googleapis.com/v1beta1/projects/12006785680/services/eventarc.googleapis.com:generateServiceIdentity [none]
[debug] [2025-12-23T10:17:26.296Z] >>> [apiv2][(partial)header] POST https://serviceusage.googleapis.com/v1beta1/projects/12006785680/services/eventarc.googleapis.com:generateServiceIdentity x-goog-quota-user=projects/12006785680
[debug] [2025-12-23T10:17:26.296Z] >>> [apiv2][body] POST https://serviceusage.googleapis.com/v1beta1/projects/12006785680/services/eventarc.googleapis.com:generateServiceIdentity {}
[debug] [2025-12-23T10:17:26.711Z] <<< [apiv2][status] POST https://serviceusage.googleapis.com/v1beta1/projects/12006785680/services/pubsub.googleapis.com:generateServiceIdentity 200
[debug] [2025-12-23T10:17:26.712Z] <<< [apiv2][body] POST https://serviceusage.googleapis.com/v1beta1/projects/12006785680/services/pubsub.googleapis.com:generateServiceIdentity {"name":"operations/finished.DONE_OPERATION","done":true,"response":{"@type":"type.googleapis.com/google.api.serviceusage.v1beta1.ServiceIdentity","email":"service-12006785680@gcp-sa-pubsub.iam.gserviceaccount.com","uniqueId":"101149644672739245837"}}
[debug] [2025-12-23T10:17:27.113Z] <<< [apiv2][status] POST https://serviceusage.googleapis.com/v1beta1/projects/12006785680/services/eventarc.googleapis.com:generateServiceIdentity 200
[debug] [2025-12-23T10:17:27.113Z] <<< [apiv2][body] POST https://serviceusage.googleapis.com/v1beta1/projects/12006785680/services/eventarc.googleapis.com:generateServiceIdentity {"name":"operations/finished.DONE_OPERATION","done":true,"response":{"@type":"type.googleapis.com/google.api.serviceusage.v1beta1.ServiceIdentity","email":"service-12006785680@gcp-sa-eventarc.iam.gserviceaccount.com","uniqueId":"101403637264494472314"}}
[debug] [2025-12-23T10:17:27.115Z] Checked if tokens are valid: true, expires at: 1766487757666
[debug] [2025-12-23T10:17:27.115Z] Checked if tokens are valid: true, expires at: 1766487757666
[debug] [2025-12-23T10:17:27.115Z] >>> [apiv2][query] GET https://cloudresourcemanager.googleapis.com/v1/projects/projet-blocus-v2 [none]
[debug] [2025-12-23T10:17:27.296Z] <<< [apiv2][status] GET https://cloudresourcemanager.googleapis.com/v1/projects/projet-blocus-v2 200
[debug] [2025-12-23T10:17:27.296Z] <<< [apiv2][body] GET https://cloudresourcemanager.googleapis.com/v1/projects/projet-blocus-v2 {"projectNumber":"12006785680","projectId":"projet-blocus-v2","lifecycleState":"ACTIVE","name":"Projet-Blocus-V2","labels":{"firebase":"enabled","firebase-core":"disabled"},"createTime":"2025-11-25T11:52:40.442877Z"}
[debug] [2025-12-23T10:17:27.296Z] Checked if tokens are valid: true, expires at: 1766487757666
[debug] [2025-12-23T10:17:27.296Z] Checked if tokens are valid: true, expires at: 1766487757666
[debug] [2025-12-23T10:17:27.296Z] >>> [apiv2][query] GET https://compute.googleapis.com/compute/v1/projects/12006785680 [none]
[debug] [2025-12-23T10:17:27.458Z] <<< [apiv2][status] GET https://compute.googleapis.com/compute/v1/projects/12006785680 403
[debug] [2025-12-23T10:17:27.458Z] <<< [apiv2][body] GET https://compute.googleapis.com/compute/v1/projects/12006785680 {"error":{"code":403,"message":"Compute Engine API has not been used in project 12006785680 before or it is disabled. Enable it by visiting https://console.developers.google.com/apis/api/compute.googleapis.com/overview?project=12006785680 then retry. If you enabled this API recently, wait a few minutes for the action to propagate to our systems and retry.","errors":[{"message":"Compute Engine API has not been used in project 12006785680 before or it is disabled. Enable it by visiting https://console.developers.google.com/apis/api/compute.googleapis.com/overview?project=12006785680 then retry. If you enabled this API recently, wait a few minutes for the action to propagate to our systems and retry.","domain":"usageLimits","reason":"accessNotConfigured","extendedHelp":"https://console.developers.google.com"}],"status":"PERMISSION_DENIED","details":[{"@type":"type.googleapis.com/google.rpc.ErrorInfo","reason":"SERVICE_DISABLED","domain":"googleapis.com","metadata":{"consumer":"projects/12006785680","service":"compute.googleapis.com","serviceTitle":"Compute Engine API","containerInfo":"12006785680","activationUrl":"https://console.developers.google.com/apis/api/compute.googleapis.com/overview?project=12006785680"}},{"@type":"type.googleapis.com/google.rpc.LocalizedMessage","locale":"en-US","message":"Compute Engine API has not been used in project 12006785680 before or it is disabled. Enable it by visiting https://console.developers.google.com/apis/api/compute.googleapis.com/overview?project=12006785680 then retry. If you enabled this API recently, wait a few minutes for the action to propagate to our systems and retry."},{"@type":"type.googleapis.com/google.rpc.Help","links":[{"description":"Google developers console API activation","url":"https://console.developers.google.com/apis/api/compute.googleapis.com/overview?project=12006785680"}]}]}}
[debug] [2025-12-23T10:17:27.459Z] unable to look up default compute service account. Falling back to 12006785680-compute@developer.gserviceaccount.com. Error: {"name":"FirebaseError","children":[],"context":{"body":{"error":{"code":403,"message":"Compute Engine API has not been used in project 12006785680 before or it is disabled. Enable it by visiting https://console.developers.google.com/apis/api/compute.googleapis.com/overview?project=12006785680 then retry. If you enabled this API recently, wait a few minutes for the action to propagate to our systems and retry.","errors":[{"message":"Compute Engine API has not been used in project 12006785680 before or it is disabled. Enable it by visiting https://console.developers.google.com/apis/api/compute.googleapis.com/overview?project=12006785680 then retry. If you enabled this API recently, wait a few minutes for the action to propagate to our systems and retry.","domain":"usageLimits","reason":"accessNotConfigured","extendedHelp":"https://console.developers.google.com"}],"status":"PERMISSION_DENIED","details":[{"@type":"type.googleapis.com/google.rpc.ErrorInfo","reason":"SERVICE_DISABLED","domain":"googleapis.com","metadata":{"consumer":"projects/12006785680","service":"compute.googleapis.com","serviceTitle":"Compute Engine API","containerInfo":"12006785680","activationUrl":"https://console.developers.google.com/apis/api/compute.googleapis.com/overview?project=12006785680"}},{"@type":"type.googleapis.com/google.rpc.LocalizedMessage","locale":"en-US","message":"Compute Engine API has not been used in project 12006785680 before or it is disabled. Enable it by visiting https://console.developers.google.com/apis/api/compute.googleapis.com/overview?project=12006785680 then retry. If you enabled this API recently, wait a few minutes for the action to propagate to our systems and retry."},{"@type":"type.googleapis.com/google.rpc.Help","links":[{"description":"Google developers console API activation","url":"https://console.developers.google.com/apis/api/compute.googleapis.com/overview?project=12006785680"}]}]}},"response":{"statusCode":403}},"exit":1,"message":"Request to https://compute.googleapis.com/compute/v1/projects/12006785680 had HTTP Error: 403, Compute Engine API has not been used in project 12006785680 before or it is disabled. Enable it by visiting https://console.developers.google.com/apis/api/compute.googleapis.com/overview?project=12006785680 then retry. If you enabled this API recently, wait a few minutes for the action to propagate to our systems and retry.","status":403}
[debug] [2025-12-23T10:17:27.460Z] Checked if tokens are valid: true, expires at: 1766487757666
[debug] [2025-12-23T10:17:27.460Z] Checked if tokens are valid: true, expires at: 1766487757666
[debug] [2025-12-23T10:17:27.460Z] >>> [apiv2][query] GET https://cloudbilling.googleapis.com/v1/projects/projet-blocus-v2/billingInfo [none]
